<?xml version="1.0" encoding="UTF-8"?>
<!-- Generated by org.testng.reporters.JUnitReportReporter -->
<testsuite hostname="DESKTOP-L4B5BN8" failures="0" tests="1" name="testcases.editcustomertest" time="10.663" errors="0" timestamp="2025-03-15T13:04:59 IST" skipped="0">
  <testcase classname="testcases.editcustomertest" name="editcustomer" time="10.663"/>
</testsuite> <!-- testcases.editcustomertest -->
