<?xml version="1.0" encoding="UTF-8"?>
<!-- Generated by org.testng.reporters.JUnitReportReporter -->
<testsuite hostname="DESKTOP-L4B5BN8" failures="0" tests="1" name="testcases.editcustomertest" time="5.348" errors="0" timestamp="2025-02-08T18:12:28 IST" skipped="0">
  <testcase classname="testcases.editcustomertest" name="editcustomer" time="5.348"/>
</testsuite> <!-- testcases.editcustomertest -->
