<?xml version="1.0" encoding="UTF-8"?>
<!-- Generated by org.testng.reporters.JUnitReportReporter -->
<testsuite hostname="DESKTOP-L4B5BN8" failures="0" tests="1" name="testcases.editcustomertest" time="6.205" errors="0" timestamp="2025-02-08T22:01:42 IST" skipped="0">
  <testcase classname="testcases.editcustomertest" name="editcustomer" time="6.205"/>
</testsuite> <!-- testcases.editcustomertest -->
