<?xml version="1.0" encoding="UTF-8"?>
<!-- Generated by org.testng.reporters.JUnitReportReporter -->
<testsuite hostname="DESKTOP-L4B5BN8" failures="0" tests="1" name="testcases.logintest" time="5.101" errors="0" timestamp="2025-02-24T08:20:56 IST" skipped="0">
  <testcase classname="testcases.logintest" name="check" time="5.101"/>
</testsuite> <!-- testcases.logintest -->
